<?xml version="1.0" encoding="UTF-8"?>
<!-- Generated by org.testng.reporters.JUnitReportReporter -->
<testsuite hostname="LAPTOP-A3RO126P" name="qaclickacademy.One_1Test" tests="2" failures="0" timestamp="24 Mar 2021 10:36:38 GMT" time="0.023" errors="0">
  <testcase name="shravya" time="0.022" classname="qaclickacademy.One_1Test"/>
  <testcase name="swara" time="0.001" classname="qaclickacademy.One_1Test"/>
</testsuite> <!-- qaclickacademy.One_1Test -->
