<?xml version="1.0" encoding="UTF-8"?>
<!-- Generated by org.testng.reporters.JUnitReportReporter -->
<testsuite hostname="LAPTOP-A3RO126P" name="qaclickacademy.Three_Test" tests="2" failures="0" timestamp="24 Mar 2021 10:36:38 GMT" time="0.002" errors="0">
  <testcase name="omkar" time="0.001" classname="qaclickacademy.Three_Test"/>
  <testcase name="atharva" time="0.001" classname="qaclickacademy.Three_Test"/>
</testsuite> <!-- qaclickacademy.Three_Test -->
