<?xml version="1.0" encoding="UTF-8"?>
<!-- Generated by org.testng.reporters.JUnitReportReporter -->
<testsuite hostname="LAPTOP-A3RO126P" name="qaclickacademy.Two_2Test" tests="2" failures="0" timestamp="24 Mar 2021 10:36:38 GMT" time="0.000" errors="0">
  <testcase name="rutva" time="0.000" classname="qaclickacademy.Two_2Test"/>
  <testcase name="devansh" time="0.000" classname="qaclickacademy.Two_2Test"/>
</testsuite> <!-- qaclickacademy.Two_2Test -->
